<?xml version="1.0" encoding="UTF-8"?>
<!-- Generated by org.testng.reporters.JUnitReportReporter -->
<testsuite hostname="LAPTOP-D6P87KRF" failures="0" tests="8" name="CorePackage.Test1" time="0.012" errors="0" timestamp="2024-03-29T10:42:18 EDT" skipped="0">
  <testcase classname="CorePackage.Test1" name="removeDuplicateChar" time="0.003"/>
  <system-out/>
  <testcase classname="CorePackage.Test1" name="StreamMap" time="0.005"/>
  <system-out/>
  <testcase classname="CorePackage.Test1" name="reverseTheInteger" time="0.000"/>
  <system-out/>
  <testcase classname="CorePackage.Test1" name="reverseTheString" time="0.000"/>
  <system-out/>
  <testcase classname="CorePackage.Test1" name="streamFilter" time="0.000"/>
  <system-out/>
  <testcase classname="CorePackage.Test1" name="removeName" time="0.001"/>
  <system-out/>
  <testcase classname="CorePackage.Test1" name="addIntInString" time="0.003"/>
  <system-out/>
  <testcase classname="CorePackage.Test1" name="lengthOfArray" time="0.000"/>
  <system-out/>
</testsuite> <!-- CorePackage.Test1 -->
