<?xml version="1.0" encoding="UTF-8"?>
<!-- Generated by org.testng.reporters.JUnitReportReporter -->
<testsuite hostname="LAPTOP-D6P87KRF" failures="0" tests="1" name="CorePackage.core" time="0.005" errors="0" timestamp="2024-03-29T11:04:27 EDT" skipped="0">
  <testcase classname="CorePackage.core" name="steamMap" time="0.005"/>
  <system-out/>
</testsuite> <!-- CorePackage.core -->
